<?xml version="1.0" encoding="UTF-8"?>
<!-- Generated by org.testng.reporters.JUnitReportReporter -->
<testsuite hostname="DESKTOP-C2OQM8E" failures="0" tests="1" name="pack2.MySecondTestNGClass" time="5.116" errors="0" timestamp="2022-04-07T21:49:48 EDT" skipped="0">
  <testcase classname="pack2.MySecondTestNGClass" name="testDriverQuit" time="5.116"/>
  <system-out/>
</testsuite> <!-- pack2.MySecondTestNGClass -->
