<?xml version="1.0" encoding="UTF-8"?>
<!-- Generated by org.testng.reporters.JUnitReportReporter -->
<testsuite hostname="DESKTOP-C2OQM8E" failures="0" tests="3" name="pack2.MyFirstNGClass" time="7.912" errors="0" timestamp="2022-04-07T20:45:33 EDT" skipped="0">
  <testcase classname="pack2.MyFirstNGClass" name="demo3" time="1.501"/>
  <system-out/>
  <testcase classname="pack2.MyFirstNGClass" name="demo1" time="3.005"/>
  <system-out/>
  <testcase classname="pack2.MyFirstNGClass" name="demo2" time="3.406"/>
  <system-out/>
</testsuite> <!-- pack2.MyFirstNGClass -->
