<?xml version="1.0" encoding="UTF-8"?>
<!-- Generated by org.testng.reporters.JUnitReportReporter -->
<testsuite hostname="DESKTOP-C2OQM8E" failures="0" tests="1" name="pack4.J5_PratiqueWebDriver" time="7.239" errors="0" timestamp="2022-04-21T18:26:09 EDT" skipped="0">
  <testcase classname="pack4.J5_PratiqueWebDriver" name="explicitWaitMechanism" time="7.239"/>
  <system-out/>
</testsuite> <!-- pack4.J5_PratiqueWebDriver -->
