<?xml version="1.0" encoding="UTF-8"?>
<!-- Generated by org.testng.reporters.JUnitReportReporter -->
<testsuite hostname="DESKTOP-C2OQM8E" failures="0" tests="1" name="pack3.J4_PratiqueCSS" time="5.015" errors="0" timestamp="2022-04-14T20:54:37 EDT" skipped="0">
  <testcase classname="pack3.J4_PratiqueCSS" name="getAttributeRadioButtonTest" time="5.015"/>
  <system-out/>
</testsuite> <!-- pack3.J4_PratiqueCSS -->
